<?xml version="1.0" encoding="UTF-8"?>
<testsuite xmlns:xsi="http://www.w3.org/2001/XMLSchema-instance" xsi:noNamespaceSchemaLocation="https://maven.apache.org/surefire/maven-surefire-plugin/xsd/surefire-test-report-3.0.xsd" version="3.0" name="cucumberOptions.CucumberRunner" time="5.188" tests="0" errors="0" skipped="0" failures="0">
  <properties>
    <property name="sun.desktop" value="windows"/>
    <property name="awt.toolkit" value="sun.awt.windows.WToolkit"/>
    <property name="file.encoding.pkg" value="sun.io"/>
    <property name="java.specification.version" value="1.8"/>
    <property name="sun.cpu.isalist" value="amd64"/>
    <property name="sun.jnu.encoding" value="Cp1252"/>
    <property name="java.class.path" value="C:\Users\shivad\Documents\SDETlab\MasterUseCase\finalversion\mcu2_3_1\target\test-classes;C:\Users\shivad\Documents\SDETlab\MasterUseCase\finalversion\mcu2_3_1\target\classes;C:\ticee-dmz\repo\io\rest-assured\rest-assured\5.3.2\rest-assured-5.3.2.jar;C:\ticee-dmz\repo\org\apache\groovy\groovy\4.0.11\groovy-4.0.11.jar;C:\ticee-dmz\repo\org\apache\groovy\groovy-xml\4.0.11\groovy-xml-4.0.11.jar;C:\ticee-dmz\repo\org\apache\httpcomponents\httpclient\4.5.13\httpclient-4.5.13.jar;C:\ticee-dmz\repo\org\apache\httpcomponents\httpcore\4.4.13\httpcore-4.4.13.jar;C:\ticee-dmz\repo\commons-logging\commons-logging\1.2\commons-logging-1.2.jar;C:\ticee-dmz\repo\commons-codec\commons-codec\1.11\commons-codec-1.11.jar;C:\ticee-dmz\repo\org\apache\httpcomponents\httpmime\4.5.13\httpmime-4.5.13.jar;C:\ticee-dmz\repo\org\hamcrest\hamcrest\2.2\hamcrest-2.2.jar;C:\ticee-dmz\repo\org\ccil\cowan\tagsoup\tagsoup\1.2.1\tagsoup-1.2.1.jar;C:\ticee-dmz\repo\io\rest-assured\json-path\5.3.2\json-path-5.3.2.jar;C:\ticee-dmz\repo\org\apache\groovy\groovy-json\4.0.11\groovy-json-4.0.11.jar;C:\ticee-dmz\repo\io\rest-assured\rest-assured-common\5.3.2\rest-assured-common-5.3.2.jar;C:\ticee-dmz\repo\io\rest-assured\xml-path\5.3.2\xml-path-5.3.2.jar;C:\ticee-dmz\repo\org\apache\commons\commons-lang3\3.11\commons-lang3-3.11.jar;C:\ticee-dmz\repo\org\slf4j\slf4j-api\2.0.7\slf4j-api-2.0.7.jar;C:\ticee-dmz\repo\ch\qos\reload4j\reload4j\1.2.22\reload4j-1.2.22.jar;C:\ticee-dmz\repo\io\cucumber\cucumber-java\7.14.0\cucumber-java-7.14.0.jar;C:\ticee-dmz\repo\io\cucumber\cucumber-core\7.14.0\cucumber-core-7.14.0.jar;C:\ticee-dmz\repo\io\cucumber\cucumber-gherkin\7.14.0\cucumber-gherkin-7.14.0.jar;C:\ticee-dmz\repo\io\cucumber\cucumber-gherkin-messages\7.14.0\cucumber-gherkin-messages-7.14.0.jar;C:\ticee-dmz\repo\io\cucumber\gherkin\26.2.0\gherkin-26.2.0.jar;C:\ticee-dmz\repo\io\cucumber\messages\22.0.0\messages-22.0.0.jar;C:\ticee-dmz\repo\io\cucumber\tag-expressions\5.0.6\tag-expressions-5.0.6.jar;C:\ticee-dmz\repo\io\cucumber\cucumber-expressions\16.1.2\cucumber-expressions-16.1.2.jar;C:\ticee-dmz\repo\io\cucumber\datatable\7.14.0\datatable-7.14.0.jar;C:\ticee-dmz\repo\io\cucumber\cucumber-plugin\7.14.0\cucumber-plugin-7.14.0.jar;C:\ticee-dmz\repo\io\cucumber\docstring\7.14.0\docstring-7.14.0.jar;C:\ticee-dmz\repo\io\cucumber\html-formatter\20.4.0\html-formatter-20.4.0.jar;C:\ticee-dmz\repo\io\cucumber\junit-xml-formatter\0.2.0\junit-xml-formatter-0.2.0.jar;C:\ticee-dmz\repo\io\cucumber\ci-environment\9.2.0\ci-environment-9.2.0.jar;C:\ticee-dmz\repo\org\apiguardian\apiguardian-api\1.1.2\apiguardian-api-1.1.2.jar;C:\ticee-dmz\repo\junit\junit\4.13.2\junit-4.13.2.jar;C:\ticee-dmz\repo\org\hamcrest\hamcrest-core\1.3\hamcrest-core-1.3.jar;C:\ticee-dmz\repo\io\cucumber\cucumber-junit\7.14.0\cucumber-junit-7.14.0.jar;C:\ticee-dmz\repo\net\masterthought\maven-cucumber-reporting\5.7.7\maven-cucumber-reporting-5.7.7.jar;C:\ticee-dmz\repo\commons-collections\commons-collections\3.2.2\commons-collections-3.2.2.jar;C:\ticee-dmz\repo\net\masterthought\cucumber-reporting\5.7.7\cucumber-reporting-5.7.7.jar;C:\ticee-dmz\repo\com\fasterxml\jackson\core\jackson-databind\2.15.2\jackson-databind-2.15.2.jar;C:\ticee-dmz\repo\com\fasterxml\jackson\core\jackson-annotations\2.15.2\jackson-annotations-2.15.2.jar;C:\ticee-dmz\repo\com\fasterxml\jackson\core\jackson-core\2.15.2\jackson-core-2.15.2.jar;C:\ticee-dmz\repo\com\fasterxml\jackson\datatype\jackson-datatype-jsr310\2.15.2\jackson-datatype-jsr310-2.15.2.jar;C:\ticee-dmz\repo\org\apache\velocity\velocity-engine-core\2.3\velocity-engine-core-2.3.jar;C:\ticee-dmz\repo\joda-time\joda-time\2.12.5\joda-time-2.12.5.jar;C:\ticee-dmz\repo\commons-io\commons-io\2.7\commons-io-2.7.jar;C:\ticee-dmz\repo\org\codehaus\plexus\plexus-utils\3.5.1\plexus-utils-3.5.1.jar;C:\ticee-dmz\repo\org\jsoup\jsoup\1.16.1\jsoup-1.16.1.jar;C:\ticee-dmz\repo\com\googlecode\owasp-java-html-sanitizer\owasp-java-html-sanitizer\20220608.1\owasp-java-html-sanitizer-20220608.1.jar;C:\ticee-dmz\repo\com\google\guava\guava\30.1-jre\guava-30.1-jre.jar;C:\ticee-dmz\repo\com\google\guava\failureaccess\1.0.1\failureaccess-1.0.1.jar;C:\ticee-dmz\repo\com\google\guava\listenablefuture\9999.0-empty-to-avoid-conflict-with-guava\listenablefuture-9999.0-empty-to-avoid-conflict-with-guava.jar;C:\ticee-dmz\repo\com\google\code\findbugs\jsr305\3.0.2\jsr305-3.0.2.jar;C:\ticee-dmz\repo\org\checkerframework\checker-qual\3.5.0\checker-qual-3.5.0.jar;C:\ticee-dmz\repo\com\google\errorprone\error_prone_annotations\2.3.4\error_prone_annotations-2.3.4.jar;C:\ticee-dmz\repo\com\google\j2objc\j2objc-annotations\1.3\j2objc-annotations-1.3.jar;C:\ticee-dmz\repo\commons-configuration\commons-configuration\1.10\commons-configuration-1.10.jar;C:\ticee-dmz\repo\commons-lang\commons-lang\2.6\commons-lang-2.6.jar;C:\ticee-dmz\repo\org\testng\testng\6.14.3\testng-6.14.3.jar;C:\ticee-dmz\repo\com\beust\jcommander\1.72\jcommander-1.72.jar;C:\ticee-dmz\repo\org\apache-extras\beanshell\bsh\2.0b6\bsh-2.0b6.jar;C:\ticee-dmz\repo\io\cucumber\cucumber-testng\7.14.0\cucumber-testng-7.14.0.jar;C:\ticee-dmz\repo\org\apache\maven\plugins\maven-surefire-plugin\3.1.2\maven-surefire-plugin-3.1.2.jar;C:\ticee-dmz\repo\org\apache\maven\surefire\maven-surefire-common\3.1.2\maven-surefire-common-3.1.2.jar;C:\ticee-dmz\repo\org\apache\maven\surefire\surefire-api\3.1.2\surefire-api-3.1.2.jar;C:\ticee-dmz\repo\org\apache\maven\surefire\surefire-logger-api\3.1.2\surefire-logger-api-3.1.2.jar;C:\ticee-dmz\repo\org\apache\maven\surefire\surefire-extensions-api\3.1.2\surefire-extensions-api-3.1.2.jar;C:\ticee-dmz\repo\org\apache\maven\surefire\surefire-booter\3.1.2\surefire-booter-3.1.2.jar;C:\ticee-dmz\repo\org\apache\maven\surefire\surefire-extensions-spi\3.1.2\surefire-extensions-spi-3.1.2.jar;C:\ticee-dmz\repo\org\eclipse\aether\aether-util\1.0.0.v20140518\aether-util-1.0.0.v20140518.jar;C:\ticee-dmz\repo\org\eclipse\aether\aether-api\1.0.0.v20140518\aether-api-1.0.0.v20140518.jar;C:\ticee-dmz\repo\org\apache\maven\shared\maven-common-artifact-filters\3.1.1\maven-common-artifact-filters-3.1.1.jar;C:\ticee-dmz\repo\org\apache\maven\maven-artifact\3.1.0\maven-artifact-3.1.0.jar;C:\ticee-dmz\repo\org\apache\maven\maven-core\3.1.0\maven-core-3.1.0.jar;C:\ticee-dmz\repo\org\apache\maven\maven-settings\3.1.0\maven-settings-3.1.0.jar;C:\ticee-dmz\repo\org\apache\maven\maven-settings-builder\3.1.0\maven-settings-builder-3.1.0.jar;C:\ticee-dmz\repo\org\apache\maven\maven-repository-metadata\3.1.0\maven-repository-metadata-3.1.0.jar;C:\ticee-dmz\repo\org\apache\maven\maven-model-builder\3.1.0\maven-model-builder-3.1.0.jar;C:\ticee-dmz\repo\org\apache\maven\maven-aether-provider\3.1.0\maven-aether-provider-3.1.0.jar;C:\ticee-dmz\repo\org\eclipse\aether\aether-spi\0.9.0.M2\aether-spi-0.9.0.M2.jar;C:\ticee-dmz\repo\org\eclipse\aether\aether-impl\0.9.0.M2\aether-impl-0.9.0.M2.jar;C:\ticee-dmz\repo\org\eclipse\sisu\org.eclipse.sisu.plexus\0.0.0.M2a\org.eclipse.sisu.plexus-0.0.0.M2a.jar;C:\ticee-dmz\repo\javax\enterprise\cdi-api\1.0\cdi-api-1.0.jar;C:\ticee-dmz\repo\javax\annotation\jsr250-api\1.0\jsr250-api-1.0.jar;C:\ticee-dmz\repo\javax\inject\javax.inject\1\javax.inject-1.jar;C:\ticee-dmz\repo\org\sonatype\sisu\sisu-guice\3.1.0\sisu-guice-3.1.0-no_aop.jar;C:\ticee-dmz\repo\aopalliance\aopalliance\1.0\aopalliance-1.0.jar;C:\ticee-dmz\repo\org\eclipse\sisu\org.eclipse.sisu.inject\0.0.0.M2a\org.eclipse.sisu.inject-0.0.0.M2a.jar;C:\ticee-dmz\repo\asm\asm\3.3.1\asm-3.3.1.jar;C:\ticee-dmz\repo\org\codehaus\plexus\plexus-interpolation\1.16\plexus-interpolation-1.16.jar;C:\ticee-dmz\repo\org\codehaus\plexus\plexus-classworlds\2.4.2\plexus-classworlds-2.4.2.jar;C:\ticee-dmz\repo\org\codehaus\plexus\plexus-component-annotations\1.5.5\plexus-component-annotations-1.5.5.jar;C:\ticee-dmz\repo\org\sonatype\plexus\plexus-sec-dispatcher\1.3\plexus-sec-dispatcher-1.3.jar;C:\ticee-dmz\repo\org\sonatype\plexus\plexus-cipher\1.4\plexus-cipher-1.4.jar;C:\ticee-dmz\repo\org\apache\maven\maven-plugin-api\3.1.0\maven-plugin-api-3.1.0.jar;C:\ticee-dmz\repo\org\codehaus\plexus\plexus-java\1.1.2\plexus-java-1.1.2.jar;C:\ticee-dmz\repo\org\ow2\asm\asm\9.4\asm-9.4.jar;C:\ticee-dmz\repo\com\thoughtworks\qdox\qdox\2.0.3\qdox-2.0.3.jar;C:\ticee-dmz\repo\org\apache\maven\surefire\surefire-shared-utils\3.1.2\surefire-shared-utils-3.1.2.jar;"/>
    <property name="java.vm.vendor" value="Oracle Corporation"/>
    <property name="sun.arch.data.model" value="64"/>
    <property name="user.variant" value=""/>
    <property name="java.vendor.url" value="http://java.oracle.com/"/>
    <property name="user.timezone" value="Asia/Calcutta"/>
    <property name="java.vm.specification.version" value="1.8"/>
    <property name="os.name" value="Windows 10"/>
    <property name="user.country" value="US"/>
    <property name="sun.java.launcher" value="SUN_STANDARD"/>
    <property name="sun.boot.library.path" value="C:\Program Files\Java\jdk1.8.0_301\jre\bin"/>
    <property name="sun.java.command" value="C:\Users\shivad\AppData\Local\Temp\surefire2907925534196676890\surefirebooter-20231129173452069_3.jar C:\Users\shivad\AppData\Local\Temp\surefire2907925534196676890 2023-11-29T17-34-51_772-jvmRun1 surefire-20231129173452069_1tmp surefire_0-20231129173452069_2tmp"/>
    <property name="surefire.test.class.path" value="C:\Users\shivad\Documents\SDETlab\MasterUseCase\finalversion\mcu2_3_1\target\test-classes;C:\Users\shivad\Documents\SDETlab\MasterUseCase\finalversion\mcu2_3_1\target\classes;C:\ticee-dmz\repo\io\rest-assured\rest-assured\5.3.2\rest-assured-5.3.2.jar;C:\ticee-dmz\repo\org\apache\groovy\groovy\4.0.11\groovy-4.0.11.jar;C:\ticee-dmz\repo\org\apache\groovy\groovy-xml\4.0.11\groovy-xml-4.0.11.jar;C:\ticee-dmz\repo\org\apache\httpcomponents\httpclient\4.5.13\httpclient-4.5.13.jar;C:\ticee-dmz\repo\org\apache\httpcomponents\httpcore\4.4.13\httpcore-4.4.13.jar;C:\ticee-dmz\repo\commons-logging\commons-logging\1.2\commons-logging-1.2.jar;C:\ticee-dmz\repo\commons-codec\commons-codec\1.11\commons-codec-1.11.jar;C:\ticee-dmz\repo\org\apache\httpcomponents\httpmime\4.5.13\httpmime-4.5.13.jar;C:\ticee-dmz\repo\org\hamcrest\hamcrest\2.2\hamcrest-2.2.jar;C:\ticee-dmz\repo\org\ccil\cowan\tagsoup\tagsoup\1.2.1\tagsoup-1.2.1.jar;C:\ticee-dmz\repo\io\rest-assured\json-path\5.3.2\json-path-5.3.2.jar;C:\ticee-dmz\repo\org\apache\groovy\groovy-json\4.0.11\groovy-json-4.0.11.jar;C:\ticee-dmz\repo\io\rest-assured\rest-assured-common\5.3.2\rest-assured-common-5.3.2.jar;C:\ticee-dmz\repo\io\rest-assured\xml-path\5.3.2\xml-path-5.3.2.jar;C:\ticee-dmz\repo\org\apache\commons\commons-lang3\3.11\commons-lang3-3.11.jar;C:\ticee-dmz\repo\org\slf4j\slf4j-api\2.0.7\slf4j-api-2.0.7.jar;C:\ticee-dmz\repo\ch\qos\reload4j\reload4j\1.2.22\reload4j-1.2.22.jar;C:\ticee-dmz\repo\io\cucumber\cucumber-java\7.14.0\cucumber-java-7.14.0.jar;C:\ticee-dmz\repo\io\cucumber\cucumber-core\7.14.0\cucumber-core-7.14.0.jar;C:\ticee-dmz\repo\io\cucumber\cucumber-gherkin\7.14.0\cucumber-gherkin-7.14.0.jar;C:\ticee-dmz\repo\io\cucumber\cucumber-gherkin-messages\7.14.0\cucumber-gherkin-messages-7.14.0.jar;C:\ticee-dmz\repo\io\cucumber\gherkin\26.2.0\gherkin-26.2.0.jar;C:\ticee-dmz\repo\io\cucumber\messages\22.0.0\messages-22.0.0.jar;C:\ticee-dmz\repo\io\cucumber\tag-expressions\5.0.6\tag-expressions-5.0.6.jar;C:\ticee-dmz\repo\io\cucumber\cucumber-expressions\16.1.2\cucumber-expressions-16.1.2.jar;C:\ticee-dmz\repo\io\cucumber\datatable\7.14.0\datatable-7.14.0.jar;C:\ticee-dmz\repo\io\cucumber\cucumber-plugin\7.14.0\cucumber-plugin-7.14.0.jar;C:\ticee-dmz\repo\io\cucumber\docstring\7.14.0\docstring-7.14.0.jar;C:\ticee-dmz\repo\io\cucumber\html-formatter\20.4.0\html-formatter-20.4.0.jar;C:\ticee-dmz\repo\io\cucumber\junit-xml-formatter\0.2.0\junit-xml-formatter-0.2.0.jar;C:\ticee-dmz\repo\io\cucumber\ci-environment\9.2.0\ci-environment-9.2.0.jar;C:\ticee-dmz\repo\org\apiguardian\apiguardian-api\1.1.2\apiguardian-api-1.1.2.jar;C:\ticee-dmz\repo\junit\junit\4.13.2\junit-4.13.2.jar;C:\ticee-dmz\repo\org\hamcrest\hamcrest-core\1.3\hamcrest-core-1.3.jar;C:\ticee-dmz\repo\io\cucumber\cucumber-junit\7.14.0\cucumber-junit-7.14.0.jar;C:\ticee-dmz\repo\net\masterthought\maven-cucumber-reporting\5.7.7\maven-cucumber-reporting-5.7.7.jar;C:\ticee-dmz\repo\commons-collections\commons-collections\3.2.2\commons-collections-3.2.2.jar;C:\ticee-dmz\repo\net\masterthought\cucumber-reporting\5.7.7\cucumber-reporting-5.7.7.jar;C:\ticee-dmz\repo\com\fasterxml\jackson\core\jackson-databind\2.15.2\jackson-databind-2.15.2.jar;C:\ticee-dmz\repo\com\fasterxml\jackson\core\jackson-annotations\2.15.2\jackson-annotations-2.15.2.jar;C:\ticee-dmz\repo\com\fasterxml\jackson\core\jackson-core\2.15.2\jackson-core-2.15.2.jar;C:\ticee-dmz\repo\com\fasterxml\jackson\datatype\jackson-datatype-jsr310\2.15.2\jackson-datatype-jsr310-2.15.2.jar;C:\ticee-dmz\repo\org\apache\velocity\velocity-engine-core\2.3\velocity-engine-core-2.3.jar;C:\ticee-dmz\repo\joda-time\joda-time\2.12.5\joda-time-2.12.5.jar;C:\ticee-dmz\repo\commons-io\commons-io\2.7\commons-io-2.7.jar;C:\ticee-dmz\repo\org\codehaus\plexus\plexus-utils\3.5.1\plexus-utils-3.5.1.jar;C:\ticee-dmz\repo\org\jsoup\jsoup\1.16.1\jsoup-1.16.1.jar;C:\ticee-dmz\repo\com\googlecode\owasp-java-html-sanitizer\owasp-java-html-sanitizer\20220608.1\owasp-java-html-sanitizer-20220608.1.jar;C:\ticee-dmz\repo\com\google\guava\guava\30.1-jre\guava-30.1-jre.jar;C:\ticee-dmz\repo\com\google\guava\failureaccess\1.0.1\failureaccess-1.0.1.jar;C:\ticee-dmz\repo\com\google\guava\listenablefuture\9999.0-empty-to-avoid-conflict-with-guava\listenablefuture-9999.0-empty-to-avoid-conflict-with-guava.jar;C:\ticee-dmz\repo\com\google\code\findbugs\jsr305\3.0.2\jsr305-3.0.2.jar;C:\ticee-dmz\repo\org\checkerframework\checker-qual\3.5.0\checker-qual-3.5.0.jar;C:\ticee-dmz\repo\com\google\errorprone\error_prone_annotations\2.3.4\error_prone_annotations-2.3.4.jar;C:\ticee-dmz\repo\com\google\j2objc\j2objc-annotations\1.3\j2objc-annotations-1.3.jar;C:\ticee-dmz\repo\commons-configuration\commons-configuration\1.10\commons-configuration-1.10.jar;C:\ticee-dmz\repo\commons-lang\commons-lang\2.6\commons-lang-2.6.jar;C:\ticee-dmz\repo\org\testng\testng\6.14.3\testng-6.14.3.jar;C:\ticee-dmz\repo\com\beust\jcommander\1.72\jcommander-1.72.jar;C:\ticee-dmz\repo\org\apache-extras\beanshell\bsh\2.0b6\bsh-2.0b6.jar;C:\ticee-dmz\repo\io\cucumber\cucumber-testng\7.14.0\cucumber-testng-7.14.0.jar;C:\ticee-dmz\repo\org\apache\maven\plugins\maven-surefire-plugin\3.1.2\maven-surefire-plugin-3.1.2.jar;C:\ticee-dmz\repo\org\apache\maven\surefire\maven-surefire-common\3.1.2\maven-surefire-common-3.1.2.jar;C:\ticee-dmz\repo\org\apache\maven\surefire\surefire-api\3.1.2\surefire-api-3.1.2.jar;C:\ticee-dmz\repo\org\apache\maven\surefire\surefire-logger-api\3.1.2\surefire-logger-api-3.1.2.jar;C:\ticee-dmz\repo\org\apache\maven\surefire\surefire-extensions-api\3.1.2\surefire-extensions-api-3.1.2.jar;C:\ticee-dmz\repo\org\apache\maven\surefire\surefire-booter\3.1.2\surefire-booter-3.1.2.jar;C:\ticee-dmz\repo\org\apache\maven\surefire\surefire-extensions-spi\3.1.2\surefire-extensions-spi-3.1.2.jar;C:\ticee-dmz\repo\org\eclipse\aether\aether-util\1.0.0.v20140518\aether-util-1.0.0.v20140518.jar;C:\ticee-dmz\repo\org\eclipse\aether\aether-api\1.0.0.v20140518\aether-api-1.0.0.v20140518.jar;C:\ticee-dmz\repo\org\apache\maven\shared\maven-common-artifact-filters\3.1.1\maven-common-artifact-filters-3.1.1.jar;C:\ticee-dmz\repo\org\apache\maven\maven-artifact\3.1.0\maven-artifact-3.1.0.jar;C:\ticee-dmz\repo\org\apache\maven\maven-core\3.1.0\maven-core-3.1.0.jar;C:\ticee-dmz\repo\org\apache\maven\maven-settings\3.1.0\maven-settings-3.1.0.jar;C:\ticee-dmz\repo\org\apache\maven\maven-settings-builder\3.1.0\maven-settings-builder-3.1.0.jar;C:\ticee-dmz\repo\org\apache\maven\maven-repository-metadata\3.1.0\maven-repository-metadata-3.1.0.jar;C:\ticee-dmz\repo\org\apache\maven\maven-model-builder\3.1.0\maven-model-builder-3.1.0.jar;C:\ticee-dmz\repo\org\apache\maven\maven-aether-provider\3.1.0\maven-aether-provider-3.1.0.jar;C:\ticee-dmz\repo\org\eclipse\aether\aether-spi\0.9.0.M2\aether-spi-0.9.0.M2.jar;C:\ticee-dmz\repo\org\eclipse\aether\aether-impl\0.9.0.M2\aether-impl-0.9.0.M2.jar;C:\ticee-dmz\repo\org\eclipse\sisu\org.eclipse.sisu.plexus\0.0.0.M2a\org.eclipse.sisu.plexus-0.0.0.M2a.jar;C:\ticee-dmz\repo\javax\enterprise\cdi-api\1.0\cdi-api-1.0.jar;C:\ticee-dmz\repo\javax\annotation\jsr250-api\1.0\jsr250-api-1.0.jar;C:\ticee-dmz\repo\javax\inject\javax.inject\1\javax.inject-1.jar;C:\ticee-dmz\repo\org\sonatype\sisu\sisu-guice\3.1.0\sisu-guice-3.1.0-no_aop.jar;C:\ticee-dmz\repo\aopalliance\aopalliance\1.0\aopalliance-1.0.jar;C:\ticee-dmz\repo\org\eclipse\sisu\org.eclipse.sisu.inject\0.0.0.M2a\org.eclipse.sisu.inject-0.0.0.M2a.jar;C:\ticee-dmz\repo\asm\asm\3.3.1\asm-3.3.1.jar;C:\ticee-dmz\repo\org\codehaus\plexus\plexus-interpolation\1.16\plexus-interpolation-1.16.jar;C:\ticee-dmz\repo\org\codehaus\plexus\plexus-classworlds\2.4.2\plexus-classworlds-2.4.2.jar;C:\ticee-dmz\repo\org\codehaus\plexus\plexus-component-annotations\1.5.5\plexus-component-annotations-1.5.5.jar;C:\ticee-dmz\repo\org\sonatype\plexus\plexus-sec-dispatcher\1.3\plexus-sec-dispatcher-1.3.jar;C:\ticee-dmz\repo\org\sonatype\plexus\plexus-cipher\1.4\plexus-cipher-1.4.jar;C:\ticee-dmz\repo\org\apache\maven\maven-plugin-api\3.1.0\maven-plugin-api-3.1.0.jar;C:\ticee-dmz\repo\org\codehaus\plexus\plexus-java\1.1.2\plexus-java-1.1.2.jar;C:\ticee-dmz\repo\org\ow2\asm\asm\9.4\asm-9.4.jar;C:\ticee-dmz\repo\com\thoughtworks\qdox\qdox\2.0.3\qdox-2.0.3.jar;C:\ticee-dmz\repo\org\apache\maven\surefire\surefire-shared-utils\3.1.2\surefire-shared-utils-3.1.2.jar;"/>
    <property name="sun.cpu.endian" value="little"/>
    <property name="user.home" value="C:\Users\shivad"/>
    <property name="user.language" value="en"/>
    <property name="java.specification.vendor" value="Oracle Corporation"/>
    <property name="java.home" value="C:\Program Files\Java\jdk1.8.0_301\jre"/>
    <property name="basedir" value="C:\Users\shivad\Documents\SDETlab\MasterUseCase\finalversion\mcu2_3_1"/>
    <property name="file.separator" value="\"/>
    <property name="line.separator" value="&#10;"/>
    <property name="java.vm.specification.vendor" value="Oracle Corporation"/>
    <property name="java.specification.name" value="Java Platform API Specification"/>
    <property name="java.awt.graphicsenv" value="sun.awt.Win32GraphicsEnvironment"/>
    <property name="surefire.real.class.path" value="C:\Users\shivad\AppData\Local\Temp\surefire2907925534196676890\surefirebooter-20231129173452069_3.jar"/>
    <property name="sun.boot.class.path" value="C:\Program Files\Java\jdk1.8.0_301\jre\lib\resources.jar;C:\Program Files\Java\jdk1.8.0_301\jre\lib\rt.jar;C:\Program Files\Java\jdk1.8.0_301\jre\lib\sunrsasign.jar;C:\Program Files\Java\jdk1.8.0_301\jre\lib\jsse.jar;C:\Program Files\Java\jdk1.8.0_301\jre\lib\jce.jar;C:\Program Files\Java\jdk1.8.0_301\jre\lib\charsets.jar;C:\Program Files\Java\jdk1.8.0_301\jre\lib\jfr.jar;C:\Program Files\Java\jdk1.8.0_301\jre\classes"/>
    <property name="user.script" value=""/>
    <property name="sun.management.compiler" value="HotSpot 64-Bit Tiered Compilers"/>
    <property name="java.runtime.version" value="1.8.0_301-b09"/>
    <property name="user.name" value="SHIVAD"/>
    <property name="path.separator" value=";"/>
    <property name="os.version" value="10.0"/>
    <property name="java.endorsed.dirs" value="C:\Program Files\Java\jdk1.8.0_301\jre\lib\endorsed"/>
    <property name="java.runtime.name" value="Java(TM) SE Runtime Environment"/>
    <property name="file.encoding" value="Cp1252"/>
    <property name="java.vm.name" value="Java HotSpot(TM) 64-Bit Server VM"/>
    <property name="localRepository" value="C:\ticee-dmz\repo"/>
    <property name="java.vendor.url.bug" value="http://bugreport.sun.com/bugreport/"/>
    <property name="java.io.tmpdir" value="C:\Users\shivad\AppData\Local\Temp\"/>
    <property name="java.version" value="1.8.0_301"/>
    <property name="user.dir" value="C:\Users\shivad\Documents\SDETlab\MasterUseCase\finalversion\mcu2_3_1"/>
    <property name="os.arch" value="amd64"/>
    <property name="java.vm.specification.name" value="Java Virtual Machine Specification"/>
    <property name="java.awt.printerjob" value="sun.awt.windows.WPrinterJob"/>
    <property name="sun.os.patch.level" value=""/>
    <property name="java.library.path" value="C:\Program Files\Java\jdk1.8.0_301\jre\bin;C:\WINDOWS\Sun\Java\bin;C:\WINDOWS\system32;C:\WINDOWS;C:\Program Files\Common Files\Oracle\Java\javapath;C:\Program Files (x86)\Common Files\Oracle\Java\javapath;C:\WINDOWS\system32;C:\WINDOWS;C:\WINDOWS\System32\Wbem;C:\WINDOWS\System32\WindowsPowerShell\v1.0\;C:\WINDOWS\System32\OpenSSH\;C:\Program Files\Git\cmd;%JAVA_HOME%\bin;C:\Program Files\apache-maven-3.6.3\bin;C:\Program Files (x86)\Symantec\VIP Access Client\;C:\Program Files\dotnet\;C:\Program Files\MySQL\MySQL Server 8.0\bin;C:\Database\MySQL\MySQL Server 8.0\bin;C:\Program Files (x86)\Groovy\bin;C:\Program Files\GitHub CLI\;C:\Program Files\MySQL\MySQL Shell 8.0\bin\;C:\Users\shivad\AppData\Local\Microsoft\WindowsApps;C:\Users\shivad\AppData\Local\Programs\Microsoft VS Code\bin;C:\Users\shivad\Documents\SDET lab\selenium\WebDriver\bin;C:\Users\shivad\AppData\Local\GitHubDesktop\bin;."/>
    <property name="java.vm.info" value="mixed mode"/>
    <property name="java.vendor" value="Oracle Corporation"/>
    <property name="java.vm.version" value="25.301-b09"/>
    <property name="java.ext.dirs" value="C:\Program Files\Java\jdk1.8.0_301\jre\lib\ext;C:\WINDOWS\Sun\Java\lib\ext"/>
    <property name="sun.io.unicode.encoding" value="UnicodeLittle"/>
    <property name="java.class.version" value="52.0"/>
  </properties>
</testsuite>